<?xml version="1.0" encoding="UTF-8"?>
<testsuite xmlns:xsi="http://www.w3.org/2001/XMLSchema-instance" xsi:noNamespaceSchemaLocation="https://maven.apache.org/surefire/maven-surefire-plugin/xsd/surefire-test-report.xsd" name="com.nowcoder.mavendemo1.AppTest" time="0.052" tests="1" errors="0" skipped="0" failures="0">
  <properties>
    <property name="java.specification.version" value="17"/>
    <property name="sun.cpu.isalist" value="amd64"/>
    <property name="sun.jnu.encoding" value="GBK"/>
    <property name="java.class.path" value="D:\work\workspace\mavendemo1\target\test-classes;D:\work\workspace\mavendemo1\target\classes;C:\Users\Sunshine\.m2\repository\junit\junit\4.11\junit-4.11.jar;C:\Users\Sunshine\.m2\repository\org\hamcrest\hamcrest-core\1.3\hamcrest-core-1.3.jar;"/>
    <property name="java.vm.vendor" value="Oracle Corporation"/>
    <property name="sun.arch.data.model" value="64"/>
    <property name="user.variant" value=""/>
    <property name="java.vendor.url" value="https://java.oracle.com/"/>
    <property name="user.timezone" value="Asia/Shanghai"/>
    <property name="os.name" value="Windows 10"/>
    <property name="java.vm.specification.version" value="17"/>
    <property name="sun.java.launcher" value="SUN_STANDARD"/>
    <property name="user.country" value="CN"/>
    <property name="sun.boot.library.path" value="D:\DIYPrograms\Java\jdk17\bin"/>
    <property name="sun.java.command" value="C:\Users\Sunshine\AppData\Local\Temp\surefire11365743792021651659\surefirebooter17907485971417740643.jar C:\Users\Sunshine\AppData\Local\Temp\surefire11365743792021651659 2024-04-23T22-57-20_581-jvmRun1 surefire11629300784077785094tmp surefire_014136791647307713076tmp"/>
    <property name="jdk.debug" value="release"/>
    <property name="surefire.test.class.path" value="D:\work\workspace\mavendemo1\target\test-classes;D:\work\workspace\mavendemo1\target\classes;C:\Users\Sunshine\.m2\repository\junit\junit\4.11\junit-4.11.jar;C:\Users\Sunshine\.m2\repository\org\hamcrest\hamcrest-core\1.3\hamcrest-core-1.3.jar;"/>
    <property name="sun.cpu.endian" value="little"/>
    <property name="user.home" value="C:\Users\Sunshine"/>
    <property name="user.language" value="zh"/>
    <property name="java.specification.vendor" value="Oracle Corporation"/>
    <property name="java.version.date" value="2024-04-16"/>
    <property name="java.home" value="D:\DIYPrograms\Java\jdk17"/>
    <property name="file.separator" value="\"/>
    <property name="basedir" value="D:\work\workspace\mavendemo1"/>
    <property name="java.vm.compressedOopsMode" value="Zero based"/>
    <property name="line.separator" value="&#10;"/>
    <property name="java.vm.specification.vendor" value="Oracle Corporation"/>
    <property name="java.specification.name" value="Java Platform API Specification"/>
    <property name="surefire.real.class.path" value="C:\Users\Sunshine\AppData\Local\Temp\surefire11365743792021651659\surefirebooter17907485971417740643.jar"/>
    <property name="user.script" value=""/>
    <property name="sun.management.compiler" value="HotSpot 64-Bit Tiered Compilers"/>
    <property name="java.runtime.version" value="17.0.11+7-LTS-207"/>
    <property name="user.name" value="Sunshine"/>
    <property name="path.separator" value=";"/>
    <property name="os.version" value="10.0"/>
    <property name="java.runtime.name" value="Java(TM) SE Runtime Environment"/>
    <property name="file.encoding" value="GBK"/>
    <property name="java.vm.name" value="Java HotSpot(TM) 64-Bit Server VM"/>
    <property name="localRepository" value="C:\Users\Sunshine\.m2\repository"/>
    <property name="java.vendor.url.bug" value="https://bugreport.java.com/bugreport/"/>
    <property name="java.io.tmpdir" value="C:\Users\Sunshine\AppData\Local\Temp\"/>
    <property name="java.version" value="17.0.11"/>
    <property name="user.dir" value="D:\work\workspace\mavendemo1"/>
    <property name="os.arch" value="amd64"/>
    <property name="java.vm.specification.name" value="Java Virtual Machine Specification"/>
    <property name="sun.os.patch.level" value=""/>
    <property name="native.encoding" value="GBK"/>
    <property name="java.library.path" value="D:\DIYPrograms\Java\jdk17\bin;C:\WINDOWS\Sun\Java\bin;C:\WINDOWS\system32;C:\WINDOWS;C:\Program Files\Common Files\Oracle\Java\javapath;C:\Program Files (x86)\Common Files\Oracle\Java\java8path;C:\Program Files (x86)\Common Files\Oracle\Java\javapath;C:\Program Files\NVIDIA GPU Computing Toolkit\CUDA\v10.0;C:\Program Files\NVIDIA GPU Computing Toolkit\CUDA\v10.0\lib;C:\Program Files\NVIDIA GPU Computing Toolkit\CUDA\v10.0\bin;C:\Program Files\NVIDIA GPU Computing Toolkit\CUDA\v10.0\include;C:\Program Files\NVIDIA GPU Computing Toolkit\CUDA\v10.0\libnvvp;C:\windows\system32;C:\windows;C:\windows\System32\Wbem;C:\windows\System32\WindowsPowerShell\v1.0\;C:\windows\System32\OpenSSH\;C:\Program Files\NVIDIA Corporation\NVIDIA NvDLISR;C:\WINDOWS\system32;C:\WINDOWS;C:\WINDOWS\System32\Wbem;C:\WINDOWS\System32\WindowsPowerShell\v1.0\;C:\WINDOWS\System32\OpenSSH\;C:\Program Files\Git\cmd;C:\Program Files (x86)\Wolfram Research\WolframScript\;C:\Apache\bin;C:\Program Files (x86)\NVIDIA Corporation\PhysX\Common;C:\Program Files\dotnet\;D:\DIYPrograms\Android\AndroidStudio\jre\bin;D:\DIYPrograms\Android\AndroidStudioSDK\platform-tools;D:\DIYPrograms\PowerShell\7\;D:\DIYPrograms\ffmpeg\bin;D:\DIYPrograms\Cmake\bin;D:\DIYPrograms\Microsoft Visual Studio\2019\Professional;D:\work\apache-maven-3.9.6\bin;E:\Program Files\MATLAB\R2021b\runtime\win64;E:\Program Files\MATLAB\R2021b\bin;E:\DIYPrograms\PreScan_8.5.0;E:\DIYPrograms\PreScan_8.5.0\bin;E:\DIYPrograms\MATLAB2020a\runtime\win64;E:\DIYPrograms\MATLAB2020a\bin;E:\DIYPrograms\MATLAB2020a\polyspace\bin;E:\DIYPrograms\Siemens\NX2212\CAPITALINTEGRATION\capitalnxremote\;D:\DIYPrograms\Java\jdk17\bin;D:\DIYPrograms\Java\jdk17\jre\bin;D:\DIYPrograms\MySQL\MySQL Server 8.0\bin;C:\Users\Sunshine\scoop\shims;D:\DIYPrograms\Anaconda3;D:\DIYPrograms\Anaconda3\Library\mingw-w64\bin;D:\DIYPrograms\Anaconda3\Library\usr\bin;D:\DIYPrograms\Anaconda3\Library\bin;D:\DIYPrograms\Anaconda3\Scripts;C:\Users\Sunshine\AppData\Local\Microsoft\WindowsApps;D:\DIYPrograms\Microsoft VS Code\bin;D:\DIYPrograms\JetBrains\PyCharm 2020.3.3\bin;D:\DIYPrograms\JetBrain\IntelliJ IDEA Educational Edition 2020.3.3\bin;D:\DIYPrograms\Huawei\DevEco Studio 2.1.0.301\bin;C:\Users\Sunshine\.dotnet\tools;C:\Users\Sunshine\AppData\Local\JetBrains\Toolbox\scripts;;."/>
    <property name="java.vm.info" value="mixed mode, sharing"/>
    <property name="java.vendor" value="Oracle Corporation"/>
    <property name="java.vm.version" value="17.0.11+7-LTS-207"/>
    <property name="sun.io.unicode.encoding" value="UnicodeLittle"/>
    <property name="java.class.version" value="61.0"/>
  </properties>
  <testcase name="shouldAnswerWithTrue" classname="com.nowcoder.mavendemo1.AppTest" time="0.003"/>
</testsuite>